#
# There is insufficient memory for the Java Runtime Environment to continue.
# Native memory allocation (malloc) failed to allocate 181936 bytes for Chunk::new
# Possible reasons:
#   The system is out of physical RAM or swap space
#   The process is running with CompressedOops enabled, and the Java Heap may be blocking the growth of the native heap
# Possible solutions:
#   Reduce memory load on the system
#   Increase physical memory or swap space
#   Check if swap backing store is full
#   Decrease Java heap size (-Xmx/-Xms)
#   Decrease number of Java threads
#   Decrease Java thread stack sizes (-Xss)
#   Set larger code cache with -XX:ReservedCodeCacheSize=
#   JVM is running with Unscaled Compressed Oops mode in which the Java heap is
#     placed in the first 4GB address space. The Java Heap base address is the
#     maximum limit for the native heap growth. Please use -XX:HeapBaseMinAddress
#     to set the Java Heap base and to place the Java Heap above 4GB virtual address.
# This output file may be truncated or incomplete.
#
#  Out of Memory Error (arena.cpp:191), pid=15024, tid=14544
#
# JRE version: OpenJDK Runtime Environment Temurin-17.0.10+7 (17.0.10+7) (build 17.0.10+7)
# Java VM: OpenJDK 64-Bit Server VM Temurin-17.0.10+7 (17.0.10+7, mixed mode, tiered, compressed oops, compressed class ptrs, parallel gc, windows-amd64)
# No core dump will be written. Minidumps are not enabled by default on client versions of Windows
#

---------------  S U M M A R Y ------------

Command Line: --add-modules=ALL-SYSTEM --add-opens=java.base/java.util=ALL-UNNAMED --add-opens=java.base/java.lang=ALL-UNNAMED --add-opens=java.base/sun.nio.fs=ALL-UNNAMED -Declipse.application=org.eclipse.jdt.ls.core.id1 -Dosgi.bundles.defaultStartLevel=4 -Declipse.product=org.eclipse.jdt.ls.core.product -Djava.import.generatesMetadataFilesAtProjectRoot=false -DDetectVMInstallationsJob.disabled=true -Dfile.encoding=utf8 -XX:+UseParallelGC -XX:GCTimeRatio=4 -XX:AdaptiveSizePolicyWeight=90 -Dsun.zip.disableMemoryMapping=true -Xmx1G -Xms100m -Xlog:disable -javaagent:c:\Users\jctriventi\.vscode\extensions\redhat.java-1.29.0-win32-x64\lombok\lombok-1.18.32.jar c:\Users\jctriventi\.vscode\extensions\redhat.java-1.29.0-win32-x64\server\plugins\org.eclipse.equinox.launcher_1.6.800.v20240304-1850.jar -configuration c:\Users\jctriventi\AppData\Roaming\Code\User\globalStorage\redhat.java\1.29.0\config_ss_win -data c:\Users\jctriventi\AppData\Roaming\Code\User\workspaceStorage\0cf1855e53bc0fab13eaf8a9e83f1da9\redhat.java\ss_ws --stdio

Host: Intel(R) Core(TM) i7-8665U CPU @ 1.90GHz, 4 cores, 15G,  Windows 10 , 64 bit Build 19041 (10.0.19041.3636)
Time: Fri Jun  7 16:36:59 2024 Hora estándar de Argentina elapsed time: 1.091242 seconds (0d 0h 0m 1s)

---------------  T H R E A D  ---------------

Current thread (0x00000135fecc71d0):  JavaThread "C2 CompilerThread0" daemon [_thread_in_native, id=14544, stack(0x00000028cf300000,0x00000028cf400000)]


Current CompileTask:
C2:   1091  722       4       sun.security.provider.SHA2::implCompress0 (490 bytes)

Stack: [0x00000028cf300000,0x00000028cf400000]
Native frames: (J=compiled Java code, j=interpreted, Vv=VM code, C=native code)
V  [jvm.dll+0x67d2c9]
V  [jvm.dll+0x834afa]
V  [jvm.dll+0x8365be]
V  [jvm.dll+0x836c23]
V  [jvm.dll+0x2477ff]
V  [jvm.dll+0xac514]
V  [jvm.dll+0xacb5c]
V  [jvm.dll+0x2aed1f]
V  [jvm.dll+0x584b67]
V  [jvm.dll+0x2228a2]
V  [jvm.dll+0x222c8f]
V  [jvm.dll+0x21bdb6]
V  [jvm.dll+0x219201]
V  [jvm.dll+0x1a502d]
V  [jvm.dll+0x2290de]
V  [jvm.dll+0x2272ac]
V  [jvm.dll+0x7e9bb7]
V  [jvm.dll+0x7e3fba]
V  [jvm.dll+0x67c1b5]
C  [ucrtbase.dll+0x21bb2]
C  [KERNEL32.DLL+0x17344]
C  [ntdll.dll+0x526b1]


---------------  P R O C E S S  ---------------

Threads class SMR info:
_java_thread_list=0x000001359530e830, length=13, elements={
0x00000135fbe54950, 0x00000135fec90740, 0x00000135fec920d0, 0x00000135fecbb270,
0x00000135fecbc000, 0x00000135fecbd530, 0x00000135fecc0920, 0x00000135fecc71d0,
0x00000135fecc8ad0, 0x00000135feccdba0, 0x00000135fbeb56d0, 0x0000013595304660,
0x000001359530c2c0
}

Java Threads: ( => current thread )
  0x00000135fbe54950 JavaThread "main" [_thread_in_vm, id=18120, stack(0x00000028cea00000,0x00000028ceb00000)]
  0x00000135fec90740 JavaThread "Reference Handler" daemon [_thread_blocked, id=9360, stack(0x00000028ced00000,0x00000028cee00000)]
  0x00000135fec920d0 JavaThread "Finalizer" daemon [_thread_blocked, id=12408, stack(0x00000028cee00000,0x00000028cef00000)]
  0x00000135fecbb270 JavaThread "Signal Dispatcher" daemon [_thread_blocked, id=23072, stack(0x00000028cef00000,0x00000028cf000000)]
  0x00000135fecbc000 JavaThread "Attach Listener" daemon [_thread_blocked, id=4324, stack(0x00000028cf000000,0x00000028cf100000)]
  0x00000135fecbd530 JavaThread "Service Thread" daemon [_thread_blocked, id=12372, stack(0x00000028cf100000,0x00000028cf200000)]
  0x00000135fecc0920 JavaThread "Monitor Deflation Thread" daemon [_thread_blocked, id=3892, stack(0x00000028cf200000,0x00000028cf300000)]
=>0x00000135fecc71d0 JavaThread "C2 CompilerThread0" daemon [_thread_in_native, id=14544, stack(0x00000028cf300000,0x00000028cf400000)]
  0x00000135fecc8ad0 JavaThread "C1 CompilerThread0" daemon [_thread_blocked, id=16172, stack(0x00000028cf400000,0x00000028cf500000)]
  0x00000135feccdba0 JavaThread "Sweeper thread" daemon [_thread_blocked, id=6692, stack(0x00000028cf500000,0x00000028cf600000)]
  0x00000135fbeb56d0 JavaThread "Common-Cleaner" daemon [_thread_blocked, id=16196, stack(0x00000028cf600000,0x00000028cf700000)]
  0x0000013595304660 JavaThread "Notification Thread" daemon [_thread_blocked, id=13448, stack(0x00000028cf700000,0x00000028cf800000)]
  0x000001359530c2c0 JavaThread "C2 CompilerThread1" daemon [_thread_blocked, id=3612, stack(0x00000028cf900000,0x00000028cfa00000)]

Other Threads:
  0x00000135fbf0ec40 VMThread "VM Thread" [stack: 0x00000028cec00000,0x00000028ced00000] [id=14812]
  0x00000135952f0280 WatcherThread [stack: 0x00000028cf800000,0x00000028cf900000] [id=24480]
  0x00000135fbe695d0 GCTaskThread "GC Thread#0" [stack: 0x00000028ceb00000,0x00000028cec00000] [id=12380]

Threads with active compile tasks:
C2 CompilerThread0     1110  722       4       sun.security.provider.SHA2::implCompress0 (490 bytes)

VM state: not at safepoint (normal execution)

VM Mutex/Monitor currently owned by a thread: None

Heap address: 0x00000000c0000000, size: 1024 MB, Compressed Oops mode: 32-bit

CDS archive(s) not mapped
Compressed class space mapped at: 0x0000000100000000-0x0000000140000000, reserved size: 1073741824
Narrow klass base: 0x0000000000000000, Narrow klass shift: 3, Narrow klass range: 0x140000000

GC Precious Log:
 CPUs: 4 total, 4 available
 Memory: 16198M
 Large Page Support: Disabled
 NUMA Support: Disabled
 Compressed Oops: Enabled (32-bit)
 Alignments: Space 512K, Generation 512K, Heap 2M
 Heap Min Capacity: 100M
 Heap Initial Capacity: 100M
 Heap Max Capacity: 1G
 Pre-touch: Disabled
 Parallel Workers: 4

Heap:
 PSYoungGen      total 29696K, used 17437K [0x00000000eab00000, 0x00000000ecc00000, 0x0000000100000000)
  eden space 25600K, 68% used [0x00000000eab00000,0x00000000ebc077f0,0x00000000ec400000)
  from space 4096K, 0% used [0x00000000ec800000,0x00000000ec800000,0x00000000ecc00000)
  to   space 4096K, 0% used [0x00000000ec400000,0x00000000ec400000,0x00000000ec800000)
 ParOldGen       total 68608K, used 0K [0x00000000c0000000, 0x00000000c4300000, 0x00000000eab00000)
  object space 68608K, 0% used [0x00000000c0000000,0x00000000c0000000,0x00000000c4300000)
 Metaspace       used 9376K, committed 9536K, reserved 1114112K
  class space    used 922K, committed 960K, reserved 1048576K

Card table byte_map: [0x00000135fb7f0000,0x00000135fba00000] _byte_map_base: 0x00000135fb1f0000

Marking Bits: (ParMarkBitMap*) 0x00007fff2cb2d7d0
 Begin Bits: [0x000001358f000000, 0x0000013590000000)
 End Bits:   [0x0000013590000000, 0x0000013591000000)

Polling page: 0x00000135f9d20000

Metaspace:

Usage:
  Non-class:      8.26 MB used.
      Class:    922.54 KB used.
       Both:      9.16 MB used.

Virtual space:
  Non-class space:       64.00 MB reserved,       8.38 MB ( 13%) committed,  1 nodes.
      Class space:        1.00 GB reserved,     960.00 KB ( <1%) committed,  1 nodes.
             Both:        1.06 GB reserved,       9.31 MB ( <1%) committed. 

Chunk freelists:
   Non-Class:  6.87 MB
       Class:  15.08 MB
        Both:  21.95 MB

MaxMetaspaceSize: unlimited
CompressedClassSpaceSize: 1.00 GB
Initial GC threshold: 21.00 MB
Current GC threshold: 21.00 MB
CDS: off
MetaspaceReclaimPolicy: balanced
 - commit_granule_bytes: 65536.
 - commit_granule_words: 8192.
 - virtual_space_node_default_size: 8388608.
 - enlarge_chunks_in_place: 1.
 - new_chunks_are_fully_committed: 0.
 - uncommit_free_chunks: 1.
 - use_allocation_guard: 0.
 - handle_deallocations: 1.


Internal statistics:

num_allocs_failed_limit: 0.
num_arena_births: 14.
num_arena_deaths: 0.
num_vsnodes_births: 2.
num_vsnodes_deaths: 0.
num_space_committed: 149.
num_space_uncommitted: 0.
num_chunks_returned_to_freelist: 0.
num_chunks_taken_from_freelist: 55.
num_chunk_merges: 0.
num_chunk_splits: 33.
num_chunks_enlarged: 25.
num_inconsistent_stats: 0.

CodeHeap 'non-profiled nmethods': size=120000Kb used=305Kb max_used=305Kb free=119694Kb
 bounds [0x0000013587ad0000, 0x0000013587d40000, 0x000001358f000000]
CodeHeap 'profiled nmethods': size=120000Kb used=1176Kb max_used=1176Kb free=118824Kb
 bounds [0x0000013580000000, 0x0000013580270000, 0x0000013587530000]
CodeHeap 'non-nmethods': size=5760Kb used=1134Kb max_used=1171Kb free=4625Kb
 bounds [0x0000013587530000, 0x00000135877a0000, 0x0000013587ad0000]
 total_blobs=1155 nmethods=730 adapters=340
 compilation: enabled
              stopped_count=0, restarted_count=0
 full_count=0

Compilation events (20 events):
Event: 1.060 Thread 0x00000135fecc71d0 nmethod 707 0x0000013587b15490 code [0x0000013587b15600, 0x0000013587b15678]
Event: 1.060 Thread 0x00000135fecc71d0  711       4       sun.security.provider.SHA5::lf_sigma1 (21 bytes)
Event: 1.060 Thread 0x00000135fecc71d0 nmethod 711 0x0000013587b15790 code [0x0000013587b15900, 0x0000013587b15978]
Event: 1.060 Thread 0x00000135fecc71d0  712       4       sun.security.provider.SHA5::lf_sigma0 (21 bytes)
Event: 1.060 Thread 0x00000135fecc71d0 nmethod 712 0x0000013587b15a90 code [0x0000013587b15c00, 0x0000013587b15c78]
Event: 1.060 Thread 0x00000135fecc71d0  713       4       sun.security.provider.SHA5::lf_delta1 (21 bytes)
Event: 1.060 Thread 0x00000135fecc71d0 nmethod 713 0x0000013587b15d90 code [0x0000013587b15f00, 0x0000013587b15f78]
Event: 1.060 Thread 0x00000135fecc71d0  714       4       sun.security.provider.SHA5::lf_delta0 (20 bytes)
Event: 1.060 Thread 0x00000135fecc71d0 nmethod 714 0x0000013587b16090 code [0x0000013587b16200, 0x0000013587b16278]
Event: 1.060 Thread 0x00000135fecc71d0  709       4       java.lang.Long::reverseBytes (46 bytes)
Event: 1.060 Thread 0x00000135fecc71d0 nmethod 709 0x0000013587b16390 code [0x0000013587b16500, 0x0000013587b165b8]
Event: 1.064 Thread 0x00000135fecc71d0  718       4       jdk.internal.misc.Unsafe::getLongUnaligned (12 bytes)
Event: 1.064 Thread 0x00000135fecc71d0 nmethod 718 0x0000013587b16690 code [0x0000013587b16800, 0x0000013587b168b8]
Event: 1.064 Thread 0x00000135fecc71d0  719 %     4       sun.security.provider.SHA5::implCompress0 @ 157 (346 bytes)
Event: 1.071 Thread 0x00000135fecc71d0 nmethod 719% 0x0000013587b16990 code [0x0000013587b16b20, 0x0000013587b17318]
Event: 1.074 Thread 0x00000135fecc8ad0  720       3       java.util.regex.ASCII::toLower (16 bytes)
Event: 1.074 Thread 0x00000135fecc8ad0 nmethod 720 0x000001358011f010 code [0x000001358011f1a0, 0x000001358011f398]
Event: 1.074 Thread 0x00000135fecc8ad0  721       3       java.util.regex.ASCII::isUpper (18 bytes)
Event: 1.074 Thread 0x00000135fecc8ad0 nmethod 721 0x000001358011f490 code [0x000001358011f620, 0x000001358011f778]
Event: 1.075 Thread 0x00000135fecc71d0  722       4       sun.security.provider.SHA2::implCompress0 (490 bytes)

GC Heap History (0 events):
No events

Dll operation events (8 events):
Event: 0.054 Loaded shared library c:\Users\jctriventi\.vscode\extensions\redhat.java-1.29.0-win32-x64\jre\17.0.10-win32-x86_64\bin\java.dll
Event: 0.322 Loaded shared library c:\Users\jctriventi\.vscode\extensions\redhat.java-1.29.0-win32-x64\jre\17.0.10-win32-x86_64\bin\zip.dll
Event: 0.331 Loaded shared library C:\Users\jctriventi\.vscode\extensions\redhat.java-1.29.0-win32-x64\jre\17.0.10-win32-x86_64\bin\instrument.dll
Event: 0.348 Loaded shared library C:\Users\jctriventi\.vscode\extensions\redhat.java-1.29.0-win32-x64\jre\17.0.10-win32-x86_64\bin\net.dll
Event: 0.352 Loaded shared library C:\Users\jctriventi\.vscode\extensions\redhat.java-1.29.0-win32-x64\jre\17.0.10-win32-x86_64\bin\nio.dll
Event: 0.362 Loaded shared library C:\Users\jctriventi\.vscode\extensions\redhat.java-1.29.0-win32-x64\jre\17.0.10-win32-x86_64\bin\zip.dll
Event: 0.385 Loaded shared library C:\Users\jctriventi\.vscode\extensions\redhat.java-1.29.0-win32-x64\jre\17.0.10-win32-x86_64\bin\jimage.dll
Event: 0.498 Loaded shared library c:\Users\jctriventi\.vscode\extensions\redhat.java-1.29.0-win32-x64\jre\17.0.10-win32-x86_64\bin\verify.dll

Deoptimization events (20 events):
Event: 0.848 Thread 0x00000135fbe54950 Uncommon trap: reason=loop_limit_check action=maybe_recompile pc=0x0000013587b02964 method=java.math.BigInteger.implMulAdd([I[IIII)I @ 26 c2
Event: 0.848 Thread 0x00000135fbe54950 DEOPT PACKING pc=0x0000013587b02964 sp=0x00000028ceafdbf0
Event: 0.848 Thread 0x00000135fbe54950 DEOPT UNPACKING pc=0x00000135875866a3 sp=0x00000028ceafdb40 mode 2
Event: 0.940 Thread 0x00000135fbe54950 Uncommon trap: trap_request=0xffffff45 fr.pc=0x0000013587b07af4 relative=0x0000000000000074
Event: 0.940 Thread 0x00000135fbe54950 Uncommon trap: reason=unstable_if action=reinterpret pc=0x0000013587b07af4 method=jdk.internal.misc.Unsafe.convEndian(ZI)I @ 4 c2
Event: 0.940 Thread 0x00000135fbe54950 DEOPT PACKING pc=0x0000013587b07af4 sp=0x00000028ceafdd90
Event: 0.940 Thread 0x00000135fbe54950 DEOPT UNPACKING pc=0x00000135875866a3 sp=0x00000028ceafdcc0 mode 2
Event: 0.942 Thread 0x00000135fbe54950 Uncommon trap: trap_request=0xffffff45 fr.pc=0x0000013587af4c58 relative=0x0000000000000598
Event: 0.942 Thread 0x00000135fbe54950 Uncommon trap: reason=unstable_if action=reinterpret pc=0x0000013587af4c58 method=java.lang.AbstractStringBuilder.append(Ljava/lang/String;)Ljava/lang/AbstractStringBuilder; @ 1 c2
Event: 0.942 Thread 0x00000135fbe54950 DEOPT PACKING pc=0x0000013587af4c58 sp=0x00000028ceafe110
Event: 0.942 Thread 0x00000135fbe54950 DEOPT UNPACKING pc=0x00000135875866a3 sp=0x00000028ceafe090 mode 2
Event: 0.942 Thread 0x00000135fbe54950 Uncommon trap: trap_request=0xffffff45 fr.pc=0x0000013587af40ec relative=0x00000000000005ac
Event: 0.942 Thread 0x00000135fbe54950 Uncommon trap: reason=unstable_if action=reinterpret pc=0x0000013587af40ec method=java.lang.AbstractStringBuilder.append(Ljava/lang/String;)Ljava/lang/AbstractStringBuilder; @ 1 c2
Event: 0.942 Thread 0x00000135fbe54950 DEOPT PACKING pc=0x0000013587af40ec sp=0x00000028ceafe0a0
Event: 0.942 Thread 0x00000135fbe54950 DEOPT UNPACKING pc=0x00000135875866a3 sp=0x00000028ceafe088 mode 2
Event: 0.956 Thread 0x00000135fbe54950 DEOPT PACKING pc=0x000001358003488c sp=0x00000028ceafe9e0
Event: 0.956 Thread 0x00000135fbe54950 DEOPT UNPACKING pc=0x0000013587586e43 sp=0x00000028ceafde70 mode 0
Event: 1.075 Thread 0x00000135fbe54950 DEOPT PACKING pc=0x00000135800d7db2 sp=0x00000028ceafe910
Event: 1.075 Thread 0x00000135fbe54950 DEOPT UNPACKING pc=0x0000013587586e43 sp=0x00000028ceafdd68 mode 0
Event: 1.088 Thread 0x00000135fbe54950 DEOPT PACKING pc=0x00000135800d7cda sp=0x00000028ceafe910

Classes unloaded (0 events):
No events

Classes redefined (0 events):
No events

Internal exceptions (10 events):
Event: 0.290 Thread 0x00000135fbe54950 Exception <a 'java/lang/NoSuchMethodError'{0x00000000eacb51d0}: 'void java.lang.invoke.DirectMethodHandle$Holder.invokeStatic(java.lang.Object, java.lang.Object, java.lang.Object)'> (0x00000000eacb51d0) 
thrown [s\src\hotspot\share\interpreter\linkResolver.cpp, line 759]
Event: 0.554 Thread 0x00000135fbe54950 Exception <a 'java/lang/reflect/InvocationTargetException'{0x00000000eafe8338}> (0x00000000eafe8338) 
thrown [s\src\hotspot\share\runtime\reflection.cpp, line 1121]
Event: 0.915 Thread 0x00000135fbe54950 Exception <a 'java/lang/ClassNotFoundException'{0x00000000eb849430}: sun/net/www/protocol/c/Handler> (0x00000000eb849430) 
thrown [s\src\hotspot\share\classfile\systemDictionary.cpp, line 256]
Event: 0.934 Thread 0x00000135fbe54950 Exception <a 'java/io/FileNotFoundException'{0x00000000eb860a48}> (0x00000000eb860a48) 
thrown [s\src\hotspot\share\prims\jni.cpp, line 516]
Event: 0.937 Thread 0x00000135fbe54950 Exception <a 'java/io/FileNotFoundException'{0x00000000eb8617a8}> (0x00000000eb8617a8) 
thrown [s\src\hotspot\share\prims\jni.cpp, line 516]
Event: 0.937 Thread 0x00000135fbe54950 Exception <a 'java/io/FileNotFoundException'{0x00000000eb8624e8}> (0x00000000eb8624e8) 
thrown [s\src\hotspot\share\prims\jni.cpp, line 516]
Event: 0.938 Thread 0x00000135fbe54950 Exception <a 'java/io/FileNotFoundException'{0x00000000eb863220}> (0x00000000eb863220) 
thrown [s\src\hotspot\share\prims\jni.cpp, line 516]
Event: 0.942 Thread 0x00000135fbe54950 Implicit null exception at 0x0000013587af46f2 to 0x0000013587af4c40
Event: 0.942 Thread 0x00000135fbe54950 Implicit null exception at 0x0000013587af3b72 to 0x0000013587af40d4
Event: 0.946 Thread 0x00000135fbe54950 Exception <a 'java/io/FileNotFoundException'{0x00000000eb89c0b8}> (0x00000000eb89c0b8) 
thrown [s\src\hotspot\share\prims\jni.cpp, line 516]

VM Operations (6 events):
Event: 0.402 Executing VM operation: HandshakeAllThreads
Event: 0.402 Executing VM operation: HandshakeAllThreads done
Event: 0.883 Executing VM operation: HandshakeAllThreads
Event: 0.883 Executing VM operation: HandshakeAllThreads done
Event: 0.896 Executing VM operation: HandshakeAllThreads
Event: 0.896 Executing VM operation: HandshakeAllThreads done

Events (20 events):
Event: 0.987 loading class sun/nio/fs/WindowsFileSystemProvider$1
Event: 0.987 loading class sun/nio/fs/WindowsFileSystemProvider$1 done
Event: 0.987 loading class sun/nio/fs/WindowsLinkSupport
Event: 0.987 loading class sun/nio/fs/WindowsLinkSupport done
Event: 0.987 loading class sun/nio/fs/WindowsAclFileAttributeView
Event: 0.988 loading class sun/nio/fs/AbstractAclFileAttributeView
Event: 0.988 loading class java/nio/file/attribute/AclFileAttributeView
Event: 0.988 loading class java/nio/file/attribute/FileOwnerAttributeView
Event: 0.988 loading class java/nio/file/attribute/FileOwnerAttributeView done
Event: 0.988 loading class java/nio/file/attribute/AclFileAttributeView done
Event: 0.988 loading class sun/nio/fs/AbstractAclFileAttributeView done
Event: 0.988 loading class sun/nio/fs/WindowsAclFileAttributeView done
Event: 0.988 loading class sun/nio/fs/WindowsSecurity
Event: 0.988 loading class sun/nio/fs/WindowsSecurity done
Event: 0.988 loading class sun/nio/fs/WindowsFileStore
Event: 0.989 loading class java/nio/file/FileStore
Event: 0.989 loading class java/nio/file/FileStore done
Event: 0.989 loading class sun/nio/fs/WindowsFileStore done
Event: 0.997 loading class java/net/URLClassLoader$1
Event: 0.997 loading class java/net/URLClassLoader$1 done


Dynamic libraries:
0x00007ff7c2e60000 - 0x00007ff7c2e6e000 	c:\Users\jctriventi\.vscode\extensions\redhat.java-1.29.0-win32-x64\jre\17.0.10-win32-x86_64\bin\java.exe
0x00007fff94bb0000 - 0x00007fff94da8000 	C:\WINDOWS\SYSTEM32\ntdll.dll
0x00007fff93f30000 - 0x00007fff93fed000 	C:\WINDOWS\System32\KERNEL32.DLL
0x00007fff922c0000 - 0x00007fff925b6000 	C:\WINDOWS\System32\KERNELBASE.dll
0x00007fff92030000 - 0x00007fff92130000 	C:\WINDOWS\System32\ucrtbase.dll
0x00007fff7b330000 - 0x00007fff7b347000 	c:\Users\jctriventi\.vscode\extensions\redhat.java-1.29.0-win32-x64\jre\17.0.10-win32-x86_64\bin\jli.dll
0x00007fff79c00000 - 0x00007fff79c1b000 	c:\Users\jctriventi\.vscode\extensions\redhat.java-1.29.0-win32-x64\jre\17.0.10-win32-x86_64\bin\VCRUNTIME140.dll
0x00007fff93820000 - 0x00007fff939bf000 	C:\WINDOWS\System32\USER32.dll
0x00007fff92b50000 - 0x00007fff92b72000 	C:\WINDOWS\System32\win32u.dll
0x00007fff94840000 - 0x00007fff9486b000 	C:\WINDOWS\System32\GDI32.dll
0x00007fff921a0000 - 0x00007fff922b7000 	C:\WINDOWS\System32\gdi32full.dll
0x00007fff926a0000 - 0x00007fff9273d000 	C:\WINDOWS\System32\msvcp_win.dll
0x00007fff77400000 - 0x00007fff7769a000 	C:\WINDOWS\WinSxS\amd64_microsoft.windows.common-controls_6595b64144ccf1df_6.0.19041.4355_none_60b8b9eb71f62e16\COMCTL32.dll
0x00007fff948d0000 - 0x00007fff9496e000 	C:\WINDOWS\System32\msvcrt.dll
0x00007fff949e0000 - 0x00007fff94a12000 	C:\WINDOWS\System32\IMM32.DLL
0x00007fff7be20000 - 0x00007fff7be2c000 	c:\Users\jctriventi\.vscode\extensions\redhat.java-1.29.0-win32-x64\jre\17.0.10-win32-x86_64\bin\vcruntime140_1.dll
0x00007fff53d00000 - 0x00007fff53d8d000 	c:\Users\jctriventi\.vscode\extensions\redhat.java-1.29.0-win32-x64\jre\17.0.10-win32-x86_64\bin\msvcp140.dll
0x00007fff2bf90000 - 0x00007fff2cbf2000 	c:\Users\jctriventi\.vscode\extensions\redhat.java-1.29.0-win32-x64\jre\17.0.10-win32-x86_64\bin\server\jvm.dll
0x00007fff94790000 - 0x00007fff94840000 	C:\WINDOWS\System32\ADVAPI32.dll
0x00007fff94470000 - 0x00007fff94510000 	C:\WINDOWS\System32\sechost.dll
0x00007fff94660000 - 0x00007fff94783000 	C:\WINDOWS\System32\RPCRT4.dll
0x00007fff92b80000 - 0x00007fff92ba7000 	C:\WINDOWS\System32\bcrypt.dll
0x00007fff91a30000 - 0x00007fff91a7b000 	C:\WINDOWS\SYSTEM32\POWRPROF.dll
0x00007fff6b330000 - 0x00007fff6b339000 	C:\WINDOWS\SYSTEM32\WSOCK32.dll
0x00007fff6f510000 - 0x00007fff6f537000 	C:\WINDOWS\SYSTEM32\WINMM.dll
0x00007fff7d980000 - 0x00007fff7d98a000 	C:\WINDOWS\SYSTEM32\VERSION.dll
0x00007fff93de0000 - 0x00007fff93e4b000 	C:\WINDOWS\System32\WS2_32.dll
0x00007fff91a10000 - 0x00007fff91a22000 	C:\WINDOWS\SYSTEM32\UMPDC.dll
0x00007fff90620000 - 0x00007fff90632000 	C:\WINDOWS\SYSTEM32\kernel.appcore.dll
0x00007fff7a280000 - 0x00007fff7a28a000 	c:\Users\jctriventi\.vscode\extensions\redhat.java-1.29.0-win32-x64\jre\17.0.10-win32-x86_64\bin\jimage.dll
0x00007fff8fb50000 - 0x00007fff8fd34000 	C:\WINDOWS\SYSTEM32\DBGHELP.DLL
0x00007fff6e980000 - 0x00007fff6e9b4000 	C:\WINDOWS\SYSTEM32\dbgcore.DLL
0x00007fff925c0000 - 0x00007fff92642000 	C:\WINDOWS\System32\bcryptPrimitives.dll
0x00007fff7a250000 - 0x00007fff7a25e000 	c:\Users\jctriventi\.vscode\extensions\redhat.java-1.29.0-win32-x64\jre\17.0.10-win32-x86_64\bin\instrument.dll
0x00007fff63f90000 - 0x00007fff63fb5000 	c:\Users\jctriventi\.vscode\extensions\redhat.java-1.29.0-win32-x64\jre\17.0.10-win32-x86_64\bin\java.dll
0x00007fff79620000 - 0x00007fff79638000 	c:\Users\jctriventi\.vscode\extensions\redhat.java-1.29.0-win32-x64\jre\17.0.10-win32-x86_64\bin\zip.dll
0x00007fff92c60000 - 0x00007fff933cb000 	C:\WINDOWS\System32\SHELL32.dll
0x00007fff8fe70000 - 0x00007fff9060d000 	C:\WINDOWS\SYSTEM32\windows.storage.dll
0x00007fff93a80000 - 0x00007fff93dd3000 	C:\WINDOWS\System32\combase.dll
0x00007fff918a0000 - 0x00007fff918ce000 	C:\WINDOWS\SYSTEM32\Wldp.dll
0x00007fff93750000 - 0x00007fff9381d000 	C:\WINDOWS\System32\OLEAUT32.dll
0x00007fff92bb0000 - 0x00007fff92c5d000 	C:\WINDOWS\System32\SHCORE.dll
0x00007fff939c0000 - 0x00007fff93a15000 	C:\WINDOWS\System32\shlwapi.dll
0x00007fff91f60000 - 0x00007fff91f84000 	C:\WINDOWS\SYSTEM32\profapi.dll
0x00007fff70bb0000 - 0x00007fff70bc9000 	C:\Users\jctriventi\.vscode\extensions\redhat.java-1.29.0-win32-x64\jre\17.0.10-win32-x86_64\bin\net.dll
0x00007fff8bbd0000 - 0x00007fff8bcda000 	C:\WINDOWS\SYSTEM32\WINHTTP.dll
0x00007fff91680000 - 0x00007fff916ea000 	C:\WINDOWS\system32\mswsock.dll
0x00007fff5fb90000 - 0x00007fff5fba6000 	C:\Users\jctriventi\.vscode\extensions\redhat.java-1.29.0-win32-x64\jre\17.0.10-win32-x86_64\bin\nio.dll
0x00007fff79cc0000 - 0x00007fff79cd0000 	c:\Users\jctriventi\.vscode\extensions\redhat.java-1.29.0-win32-x64\jre\17.0.10-win32-x86_64\bin\verify.dll

dbghelp: loaded successfully - version: 4.0.5 - missing functions: none
symbol engine: initialized successfully - sym options: 0x614 - pdb path: .;c:\Users\jctriventi\.vscode\extensions\redhat.java-1.29.0-win32-x64\jre\17.0.10-win32-x86_64\bin;C:\WINDOWS\SYSTEM32;C:\WINDOWS\WinSxS\amd64_microsoft.windows.common-controls_6595b64144ccf1df_6.0.19041.4355_none_60b8b9eb71f62e16;c:\Users\jctriventi\.vscode\extensions\redhat.java-1.29.0-win32-x64\jre\17.0.10-win32-x86_64\bin\server

VM Arguments:
jvm_args: --add-modules=ALL-SYSTEM --add-opens=java.base/java.util=ALL-UNNAMED --add-opens=java.base/java.lang=ALL-UNNAMED --add-opens=java.base/sun.nio.fs=ALL-UNNAMED -Declipse.application=org.eclipse.jdt.ls.core.id1 -Dosgi.bundles.defaultStartLevel=4 -Declipse.product=org.eclipse.jdt.ls.core.product -Djava.import.generatesMetadataFilesAtProjectRoot=false -DDetectVMInstallationsJob.disabled=true -Dfile.encoding=utf8 -XX:+UseParallelGC -XX:GCTimeRatio=4 -XX:AdaptiveSizePolicyWeight=90 -Dsun.zip.disableMemoryMapping=true -Xmx1G -Xms100m -Xlog:disable -javaagent:c:\Users\jctriventi\.vscode\extensions\redhat.java-1.29.0-win32-x64\lombok\lombok-1.18.32.jar 
java_command: c:\Users\jctriventi\.vscode\extensions\redhat.java-1.29.0-win32-x64\server\plugins\org.eclipse.equinox.launcher_1.6.800.v20240304-1850.jar -configuration c:\Users\jctriventi\AppData\Roaming\Code\User\globalStorage\redhat.java\1.29.0\config_ss_win -data c:\Users\jctriventi\AppData\Roaming\Code\User\workspaceStorage\0cf1855e53bc0fab13eaf8a9e83f1da9\redhat.java\ss_ws --stdio
java_class_path (initial): c:\Users\jctriventi\.vscode\extensions\redhat.java-1.29.0-win32-x64\server\plugins\org.eclipse.equinox.launcher_1.6.800.v20240304-1850.jar
Launcher Type: SUN_STANDARD

[Global flags]
    uintx AdaptiveSizePolicyWeight                 = 90                                        {product} {command line}
     intx CICompilerCount                          = 3                                         {product} {ergonomic}
    uintx GCTimeRatio                              = 4                                         {product} {command line}
   size_t InitialHeapSize                          = 104857600                                 {product} {command line}
   size_t MaxHeapSize                              = 1073741824                                {product} {command line}
   size_t MaxNewSize                               = 357564416                                 {product} {ergonomic}
   size_t MinHeapDeltaBytes                        = 524288                                    {product} {ergonomic}
   size_t MinHeapSize                              = 104857600                                 {product} {command line}
   size_t NewSize                                  = 34603008                                  {product} {ergonomic}
    uintx NonNMethodCodeHeapSize                   = 5832780                                {pd product} {ergonomic}
    uintx NonProfiledCodeHeapSize                  = 122912730                              {pd product} {ergonomic}
   size_t OldSize                                  = 70254592                                  {product} {ergonomic}
    uintx ProfiledCodeHeapSize                     = 122912730                              {pd product} {ergonomic}
    uintx ReservedCodeCacheSize                    = 251658240                              {pd product} {ergonomic}
     bool SegmentedCodeCache                       = true                                      {product} {ergonomic}
   size_t SoftMaxHeapSize                          = 1073741824                             {manageable} {ergonomic}
     bool UseCompressedClassPointers               = true                           {product lp64_product} {ergonomic}
     bool UseCompressedOops                        = true                           {product lp64_product} {ergonomic}
     bool UseLargePagesIndividualAllocation        = false                                  {pd product} {ergonomic}
     bool UseParallelGC                            = true                                      {product} {command line}

Logging:
Log output configuration:
 #0: stdout all=off uptime,level,tags
 #1: stderr all=off uptime,level,tags

Environment Variables:
JAVA_HOME=C:\Program Files\Java\jdk-21.0.1
PATH=C:\Program Files\Eclipse Adoptium\jdk-21.0.1.12-hotspot\bin;C:\Program Files\Common Files\Oracle\Java\javapath;C:\Program Files (x86)\Common Files\Oracle\Java\javapath;C:\Python310\Scripts\;C:\Python310\;C:\WINDOWS\system32;C:\WINDOWS;C:\WINDOWS\System32\Wbem;C:\WINDOWS\System32\WindowsPowerShell\v1.0\;C:\WINDOWS\System32\OpenSSH\;C:\Program Files\PuTTY\;C:\ProgramData\chocolatey\bin;C:\Program Files\dotnet\;C:\Program Files (x86)\Microsoft SQL Server\150\DTS\Binn\;C:\Program Files\Azure Data Studio\bin;C:\Program Files\Maven\apache-maven-3.8.6\bin;C:\Program Files\Docker\Docker\resources\bin;C:\Program Files\Java\jdk-1.8;C:\Program Files\nodejs\;C:\Program Files (x86)\Kaspersky Lab\KES.12.4.0\;C:\Program Files\Git\bin;C:\Program Files\MySQL\MySQL Server 8.0;C:\Users\jctriventi\AppData\Local\Microsoft\WindowsApps;C:\Users\jctriventi\AppData\Local\Programs\Microsoft VS Code\bin;C:\Users\jctriventi\Desktop\java\jdk-18_windows-x64_bin\jdk-18\bin;C:\Program Files\Azure Data Studio\bin;C:\Program Files\Maven\apache-maven-3.8.6\bin;C:\Users\jctriventi\.fly\bin;C:\Users\jctriventi\AppData\Roaming\npm
USERNAME=jctriventi
OS=Windows_NT
PROCESSOR_IDENTIFIER=Intel64 Family 6 Model 142 Stepping 12, GenuineIntel
TMP=C:\Users\JCTRIV~1\AppData\Local\Temp
TEMP=C:\Users\JCTRIV~1\AppData\Local\Temp



Periodic native trim disabled


---------------  S Y S T E M  ---------------

OS:
 Windows 10 , 64 bit Build 19041 (10.0.19041.3636)
OS uptime: 8 days 6:03 hours
Hyper-V role detected

CPU: total 4 (initial active 4) (4 cores per cpu, 2 threads per core) family 6 model 142 stepping 12 microcode 0xea, cx8, cmov, fxsr, ht, mmx, 3dnowpref, sse, sse2, sse3, ssse3, sse4.1, sse4.2, popcnt, lzcnt, tsc, tscinvbit, avx, avx2, aes, erms, clmul, bmi1, bmi2, adx, fma, vzeroupper, clflush, clflushopt, hv
Processor Information for all 4 processors :
  Max Mhz: 2112, Current Mhz: 1910, Mhz Limit: 1900

Memory: 4k page, system-wide physical 16198M (1299M free)
TotalPageFile size 16198M (AvailPageFile size 1M)
current process WorkingSet (physical memory assigned to process): 62M, peak: 62M
current process commit charge ("private bytes"): 185M, peak: 185M

vm_info: OpenJDK 64-Bit Server VM (17.0.10+7) for windows-amd64 JRE (17.0.10+7), built on Jan 16 2024 23:25:11 by "admin" with MS VC++ 16.10 / 16.11 (VS2019)

END.
